  Boiler.cpp
C:\Users\riyad\Desktop\New folder (3)\src\Boiler.h(59,15): warning C4244: '=': conversion from 'double' to 'float', possible loss of data
C:\Users\riyad\Desktop\New folder (3)\src\Boiler.cpp(24,1): warning C4305: 'initializing': truncation from 'double' to 'float'
C:\Users\riyad\Desktop\New folder (3)\src\Boiler.cpp(30,1): warning C4305: 'initializing': truncation from 'double' to 'float'
  DrawShapes.cpp
C:\Users\riyad\Desktop\New folder (3)\src\DrawShapes.cpp(86,65): warning C4244: 'argument': conversion from 'double' to 'float', possible loss of data
C:\Users\riyad\Desktop\New folder (3)\src\DrawShapes.cpp(86,177): warning C4244: 'argument': conversion from 'double' to 'float', possible loss of data
C:\Users\riyad\Desktop\New folder (3)\src\DrawShapes.cpp(87,69): warning C4244: 'argument': conversion from 'double' to 'float', possible loss of data
C:\Users\riyad\Desktop\New folder (3)\src\DrawShapes.cpp(87,131): warning C4244: 'argument': conversion from 'double' to 'float', possible loss of data
C:\Users\riyad\Desktop\New folder (3)\src\DrawShapes.cpp(87,189): warning C4244: 'argument': conversion from 'double' to 'float', possible loss of data
  Graph.cpp
C:\Users\riyad\Desktop\New folder (3)\src\Piston.h(98,26): warning C4244: 'return': conversion from 'double' to 'float', possible loss of data
C:\Users\riyad\Desktop\New folder (3)\src\Graph.cpp(6,36): warning C4244: 'argument': conversion from 'double' to 'float', possible loss of data
C:\Users\riyad\Desktop\New folder (3)\src\Graph.cpp(6,23): warning C4244: 'argument': conversion from 'double' to 'float', possible loss of data
C:\Users\riyad\Desktop\New folder (3)\src\Graph.cpp(7,32): warning C4244: 'argument': conversion from 'double' to 'float', possible loss of data
C:\Users\riyad\Desktop\New folder (3)\src\Graph.cpp(7,21): warning C4244: 'argument': conversion from 'double' to 'float', possible loss of data
C:\Users\riyad\Desktop\New folder (3)\src\Graph.cpp(8,36): warning C4244: 'argument': conversion from 'double' to 'float', possible loss of data
C:\Users\riyad\Desktop\New folder (3)\src\Graph.cpp(8,23): warning C4244: 'argument': conversion from 'double' to 'float', possible loss of data
C:\Users\riyad\Desktop\New folder (3)\src\Graph.cpp(9,34): warning C4244: 'argument': conversion from 'double' to 'float', possible loss of data
C:\Users\riyad\Desktop\New folder (3)\src\Graph.cpp(9,21): warning C4244: 'argument': conversion from 'double' to 'float', possible loss of data
C:\Users\riyad\Desktop\New folder (3)\src\Graph.cpp(11,56): warning C4244: 'argument': conversion from 'double' to 'float', possible loss of data
C:\Users\riyad\Desktop\New folder (3)\src\Graph.cpp(11,40): warning C4244: 'argument': conversion from 'double' to 'float', possible loss of data
C:\Users\riyad\Desktop\New folder (3)\src\Graph.cpp(12,54): warning C4244: 'argument': conversion from 'double' to 'float', possible loss of data
C:\Users\riyad\Desktop\New folder (3)\src\Graph.cpp(12,36): warning C4244: 'argument': conversion from 'double' to 'float', possible loss of data
C:\Users\riyad\Desktop\New folder (3)\src\Graph.cpp(13,14): warning C4244: '=': conversion from 'double' to 'float', possible loss of data
C:\Users\riyad\Desktop\New folder (3)\src\Graph.cpp(22,75): warning C4305: '+=': truncation from 'double' to 'float'
C:\Users\riyad\Desktop\New folder (3)\src\Graph.cpp(25,87): warning C4244: 'argument': conversion from 'double' to 'float', possible loss of data
C:\Users\riyad\Desktop\New folder (3)\src\Graph.cpp(25,65): warning C4244: 'argument': conversion from 'double' to 'float', possible loss of data
C:\Users\riyad\Desktop\New folder (3)\src\Graph.cpp(28,61): warning C4305: '+=': truncation from 'double' to 'float'
C:\Users\riyad\Desktop\New folder (3)\src\Graph.cpp(31,81): warning C4244: 'argument': conversion from 'double' to 'float', possible loss of data
C:\Users\riyad\Desktop\New folder (3)\src\Graph.cpp(31,59): warning C4244: 'argument': conversion from 'double' to 'float', possible loss of data
C:\Users\riyad\Desktop\New folder (3)\src\Graph.cpp(40,75): warning C4305: '+=': truncation from 'double' to 'float'
C:\Users\riyad\Desktop\New folder (3)\src\Graph.cpp(43,87): warning C4244: 'argument': conversion from 'double' to 'float', possible loss of data
C:\Users\riyad\Desktop\New folder (3)\src\Graph.cpp(43,65): warning C4244: 'argument': conversion from 'double' to 'float', possible loss of data
C:\Users\riyad\Desktop\New folder (3)\src\Graph.cpp(46,63): warning C4305: '+=': truncation from 'double' to 'float'
C:\Users\riyad\Desktop\New folder (3)\src\Graph.cpp(49,81): warning C4244: 'argument': conversion from 'double' to 'float', possible loss of data
C:\Users\riyad\Desktop\New folder (3)\src\Graph.cpp(49,59): warning C4244: 'argument': conversion from 'double' to 'float', possible loss of data
C:\Users\riyad\Desktop\New folder (3)\src\Graph.cpp(58,56): warning C4305: '+=': truncation from 'double' to 'float'
C:\Users\riyad\Desktop\New folder (3)\src\Graph.cpp(61,59): warning C4244: 'argument': conversion from 'double' to 'float', possible loss of data
C:\Users\riyad\Desktop\New folder (3)\src\Graph.cpp(61,38): warning C4244: 'argument': conversion from 'double' to 'float', possible loss of data
C:\Users\riyad\Desktop\New folder (3)\src\Graph.cpp(66,48): warning C4305: '+=': truncation from 'double' to 'float'
C:\Users\riyad\Desktop\New folder (3)\src\Graph.cpp(69,73): warning C4244: 'argument': conversion from 'double' to 'float', possible loss of data
C:\Users\riyad\Desktop\New folder (3)\src\Graph.cpp(69,52): warning C4244: 'argument': conversion from 'double' to 'float', possible loss of data
C:\Users\riyad\Desktop\New folder (3)\src\Graph.cpp(78,62): warning C4305: '+=': truncation from 'double' to 'float'
C:\Users\riyad\Desktop\New folder (3)\src\Graph.cpp(81,82): warning C4305: 'argument': truncation from 'double' to 'float'
C:\Users\riyad\Desktop\New folder (3)\src\Graph.cpp(86,48): warning C4305: '+=': truncation from 'double' to 'float'
C:\Users\riyad\Desktop\New folder (3)\src\Graph.cpp(89,73): warning C4244: 'argument': conversion from 'double' to 'float', possible loss of data
C:\Users\riyad\Desktop\New folder (3)\src\Graph.cpp(89,52): warning C4244: 'argument': conversion from 'double' to 'float', possible loss of data
  imgui-SFML.cpp
C:\Users\riyad\Desktop\New folder (3)\imgui\imgui-SFML.cpp(559,67): warning C4244: 'argument': conversion from 'const int' to 'float', possible loss of data
C:\Users\riyad\Desktop\New folder (3)\imgui\imgui-SFML.cpp(559,48): warning C4244: 'argument': conversion from 'const int' to 'float', possible loss of data
  imgui.cpp
  imgui_demo.cpp
  imgui_draw.cpp
  imgui_tables.cpp
  imgui_widgets.cpp
  Piston.cpp
C:\Users\riyad\Desktop\New folder (3)\src\Piston.h(98,26): warning C4244: 'return': conversion from 'double' to 'float', possible loss of data
  Source.cpp
C:\Users\riyad\Desktop\New folder (3)\src\CheckBoxUI.h(99,22): warning C4244: '=': conversion from 'double' to 'float', possible loss of data
C:\Users\riyad\Desktop\New folder (3)\src\CheckBoxUI.h(102,22): warning C4244: '=': conversion from 'double' to 'float', possible loss of data
C:\Users\riyad\Desktop\New folder (3)\src\CheckBoxUI.h(114,22): warning C4244: '=': conversion from 'double' to 'float', possible loss of data
C:\Users\riyad\Desktop\New folder (3)\src\CheckBoxUI.h(117,22): warning C4244: '=': conversion from 'double' to 'float', possible loss of data
C:\Users\riyad\Desktop\New folder (3)\src\Piston.h(98,26): warning C4244: 'return': conversion from 'double' to 'float', possible loss of data
C:\Users\riyad\Desktop\New folder (3)\src\Graphics Simulation.h(50,79): warning C4305: 'argument': truncation from 'double' to 'float'
C:\Users\riyad\Desktop\New folder (3)\src\Graphics Simulation.h(51,96): warning C4305: 'argument': truncation from 'double' to 'float'
C:\Users\riyad\Desktop\New folder (3)\src\Graphics Simulation.h(52,68): warning C4305: 'argument': truncation from 'double' to 'float'
C:\Users\riyad\Desktop\New folder (3)\src\Graphics Simulation.h(53,70): warning C4305: 'argument': truncation from 'double' to 'float'
C:\Users\riyad\Desktop\New folder (3)\src\Graphics Simulation.h(54,65): warning C4305: 'argument': truncation from 'double' to 'float'
C:\Users\riyad\Desktop\New folder (3)\src\Graphics Simulation.h(200,41): warning C4244: '=': conversion from 'double' to 'float', possible loss of data
C:\Users\riyad\Desktop\New folder (3)\src\Boiler.h(59,15): warning C4244: '=': conversion from 'double' to 'float', possible loss of data
C:\Users\riyad\Desktop\New folder (3)\src\SteamTable.h(213,51): warning C4305: 'argument': truncation from 'double' to 'float'
C:\Users\riyad\Desktop\New folder (3)\src\SteamTable.h(273,51): warning C4305: 'argument': truncation from 'double' to 'float'
C:\Users\riyad\Desktop\New folder (3)\src\SteamTable.h(327,51): warning C4305: 'argument': truncation from 'double' to 'float'
C:\Users\riyad\Desktop\New folder (3)\src\BoilerSimulation.h(84,35): warning C4305: 'initializing': truncation from 'double' to 'float'
C:\Program Files\Microsoft Visual Studio\2022\Community\VC\Tools\MSVC\14.31.31103\include\xstring(2584,23): warning C4244: 'argument': conversion from 'wchar_t' to 'const _Elem', possible loss of data
          with
          [
              _Elem=char
          ]
C:\Program Files\Microsoft Visual Studio\2022\Community\VC\Tools\MSVC\14.31.31103\include\xstring(2595): message : see reference to function template instantiation 'void std::basic_string<char,std::char_traits<char>,std::allocator<char>>::_Construct<wchar_t*>(_Iter,const _Iter,std::input_iterator_tag)' being compiled
          with
          [
              _Iter=wchar_t *
          ]
C:\Program Files\Microsoft Visual Studio\2022\Community\VC\Tools\MSVC\14.31.31103\include\xstring(2595): message : see reference to function template instantiation 'void std::basic_string<char,std::char_traits<char>,std::allocator<char>>::_Construct<wchar_t*>(_Iter,const _Iter,std::input_iterator_tag)' being compiled
          with
          [
              _Iter=wchar_t *
          ]
C:\Program Files\Microsoft Visual Studio\2022\Community\VC\Tools\MSVC\14.31.31103\include\xstring(2575): message : see reference to function template instantiation 'void std::basic_string<char,std::char_traits<char>,std::allocator<char>>::_Construct<wchar_t*>(const _Iter,const _Iter,std::forward_iterator_tag)' being compiled
          with
          [
              _Iter=wchar_t *
          ]
C:\Program Files\Microsoft Visual Studio\2022\Community\VC\Tools\MSVC\14.31.31103\include\xstring(2575): message : see reference to function template instantiation 'void std::basic_string<char,std::char_traits<char>,std::allocator<char>>::_Construct<wchar_t*>(const _Iter,const _Iter,std::forward_iterator_tag)' being compiled
          with
          [
              _Iter=wchar_t *
          ]
C:\Users\riyad\Desktop\New folder (3)\src\Windows_FileHandling.h(72): message : see reference to function template instantiation 'std::basic_string<char,std::char_traits<char>,std::allocator<char>>::basic_string<std::_String_iterator<std::_String_val<std::_Simple_types<_Elem>>>,0>(_Iter,_Iter,const _Alloc &)' being compiled
          with
          [
              _Elem=wchar_t,
              _Iter=std::_String_iterator<std::_String_val<std::_Simple_types<wchar_t>>>,
              _Alloc=std::allocator<char>
          ]
C:\Users\riyad\Desktop\New folder (3)\src\Windows_FileHandling.h(72): message : see reference to function template instantiation 'std::basic_string<char,std::char_traits<char>,std::allocator<char>>::basic_string<std::_String_iterator<std::_String_val<std::_Simple_types<_Elem>>>,0>(_Iter,_Iter,const _Alloc &)' being compiled
          with
          [
              _Elem=wchar_t,
              _Iter=std::_String_iterator<std::_String_val<std::_Simple_types<wchar_t>>>,
              _Alloc=std::allocator<char>
          ]
C:\Program Files\Microsoft Visual Studio\2022\Community\VC\Tools\MSVC\14.31.31103\include\xutility(149,77): warning C4244: 'argument': conversion from '_Ty' to 'float', possible loss of data
          with
          [
              _Ty=int
          ]
C:\Program Files\Microsoft Visual Studio\2022\Community\VC\Tools\MSVC\14.31.31103\include\memory(2006): message : see reference to function template instantiation 'void std::_Construct_in_place<_Ty,int,int,int,int,double,double,double,int,std::unique_ptr<std::vector<std::array<std::string,8>,std::allocator<std::array<std::string,8>>>,std::default_delete<std::vector<std::array<std::string,8>,std::allocator<std::array<std::string,8>>>>>&>(_Ty &,int &&,int &&,int &&,int &&,double &&,double &&,double &&,int &&,std::unique_ptr<std::vector<std::array<std::string,8>,std::allocator<std::array<std::string,8>>>,std::default_delete<std::vector<std::array<std::string,8>,std::allocator<std::array<std::string,8>>>>> &) noexcept(false)' being compiled
          with
          [
              _Ty=boiler<FEED::DOUBLE>
          ]
C:\Program Files\Microsoft Visual Studio\2022\Community\VC\Tools\MSVC\14.31.31103\include\memory(2725): message : see reference to function template instantiation 'std::_Ref_count_obj2<_Ty>::_Ref_count_obj2<int,int,int,int,double,double,double,int,std::unique_ptr<std::vector<std::array<std::string,8>,std::allocator<std::array<std::string,8>>>,std::default_delete<std::vector<std::array<std::string,8>,std::allocator<std::array<std::string,8>>>>>&>(int &&,int &&,int &&,int &&,double &&,double &&,double &&,int &&,std::unique_ptr<std::vector<std::array<std::string,8>,std::allocator<std::array<std::string,8>>>,std::default_delete<std::vector<std::array<std::string,8>,std::allocator<std::array<std::string,8>>>>> &)' being compiled
          with
          [
              _Ty=boiler<FEED::DOUBLE>
          ]
C:\Program Files\Microsoft Visual Studio\2022\Community\VC\Tools\MSVC\14.31.31103\include\memory(2726): message : see reference to function template instantiation 'std::_Ref_count_obj2<_Ty>::_Ref_count_obj2<int,int,int,int,double,double,double,int,std::unique_ptr<std::vector<std::array<std::string,8>,std::allocator<std::array<std::string,8>>>,std::default_delete<std::vector<std::array<std::string,8>,std::allocator<std::array<std::string,8>>>>>&>(int &&,int &&,int &&,int &&,double &&,double &&,double &&,int &&,std::unique_ptr<std::vector<std::array<std::string,8>,std::allocator<std::array<std::string,8>>>,std::default_delete<std::vector<std::array<std::string,8>,std::allocator<std::array<std::string,8>>>>> &)' being compiled
          with
          [
              _Ty=boiler<FEED::DOUBLE>
          ]
C:\Users\riyad\Desktop\New folder (3)\src\BoilerSimulation.h(71): message : see reference to function template instantiation 'std::shared_ptr<boiler<FEED::DOUBLE>> std::make_shared<boiler<FEED::DOUBLE>,int,int,int,int,double,double,double,int,std::unique_ptr<std::vector<std::array<std::string,8>,std::allocator<std::array<std::string,8>>>,std::default_delete<std::vector<std::array<std::string,8>,std::allocator<std::array<std::string,8>>>>>&>(int &&,int &&,int &&,int &&,double &&,double &&,double &&,int &&,std::unique_ptr<std::vector<std::array<std::string,8>,std::allocator<std::array<std::string,8>>>,std::default_delete<std::vector<std::array<std::string,8>,std::allocator<std::array<std::string,8>>>>> &)' being compiled
C:\Program Files\Microsoft Visual Studio\2022\Community\VC\Tools\MSVC\14.31.31103\include\xutility(149,77): warning C4244: 'argument': conversion from '_Ty' to 'float', possible loss of data
          with
          [
              _Ty=double
          ]
  Generating code
  Previous IPDB not found, fall back to full compilation.
C:\Users\riyad\Desktop\New folder (3)\src\SteamTable.h(473): warning C4715: 'CalculateFromSteamTable<8>': not all control paths return a value
C:\Users\riyad\Desktop\New folder (3)\src\ChemicalCalculations.h(68): warning C4715: 'insertInfo': not all control paths return a value
C:\Users\riyad\Desktop\New folder (3)\src\Windows_FileHandling.h(135): warning C4715: '_Find_File': not all control paths return a value
C:\Users\riyad\Desktop\New folder (3)\src\Boiler.cpp(145): warning C4715: 'boiler<FEED::DOUBLE>::returnQuality2<std::basic_string<char,std::char_traits<char>,std::allocator<char> > >': not all control paths return a value
C:\Users\riyad\Desktop\New folder (3)\src\Boiler.cpp(132): warning C4715: 'boiler<FEED::DOUBLE>::returnQuality1<std::basic_string<char,std::char_traits<char>,std::allocator<char> > >': not all control paths return a value
C:\Users\riyad\Desktop\New folder (3)\src\Boiler.cpp(157): warning C4715: 'boiler<FEED::DOUBLE>::returnQuality3<std::basic_string<char,std::char_traits<char>,std::allocator<char> > >': not all control paths return a value
C:\Users\riyad\Desktop\New folder (3)\src\CheckBoxUI.h(55): warning C4715: '_AddTable': not all control paths return a value
  All 3495 functions were compiled because no usable IPDB/IOBJ from previous compilation was found.
  Finished generating code
  Chemotar.vcxproj -> C:\Users\riyad\Desktop\New folder (3)\x64\Release\Chemotar.exe
