c:\users\riyad\source\repos\chemicals\chemicalssfml\x64\release\vc143.pdb
c:\users\riyad\source\repos\chemicals\chemicalssfml\x64\release\imgui_widgets.obj
c:\users\riyad\source\repos\chemicals\chemicalssfml\x64\release\imgui_tables.obj
c:\users\riyad\source\repos\chemicals\chemicalssfml\x64\release\imgui_draw.obj
c:\users\riyad\source\repos\chemicals\chemicalssfml\x64\release\imgui.obj
c:\users\riyad\source\repos\chemicals\chemicalssfml\x64\release\imgui-sfml.obj
c:\users\riyad\source\repos\chemicals\chemicalssfml\x64\release\source.obj
c:\users\riyad\source\repos\chemicals\chemicalssfml\x64\release\piston.obj
c:\users\riyad\source\repos\chemicals\chemicalssfml\x64\release\graph.obj
c:\users\riyad\source\repos\chemicals\chemicalssfml\x64\release\chemicalssfml.res
c:\users\riyad\source\repos\chemicals\chemicalssfml\x64\release\chemical properties calculator.ipdb
c:\users\riyad\source\repos\chemicals\chemicalssfml\x64\release\chemicalssfml.ipdb
c:\users\riyad\source\repos\chemicals\chemicalssfml\x64\release\chemical properties calculator.iobj
c:\users\riyad\source\repos\chemicals\chemicalssfml\x64\release\chemicalssfml.iobj
c:\users\riyad\source\repos\chemicals\x64\release\chemical properties calculator.pdb
c:\users\riyad\source\repos\chemicals\chemicalssfml\x64\release\chemical.b52f67c5.tlog\cl.command.1.tlog
c:\users\riyad\source\repos\chemicals\chemicalssfml\x64\release\chemical.b52f67c5.tlog\cl.read.1.tlog
c:\users\riyad\source\repos\chemicals\chemicalssfml\x64\release\chemical.b52f67c5.tlog\cl.write.1.tlog
c:\users\riyad\source\repos\chemicals\chemicalssfml\x64\release\chemical.b52f67c5.tlog\link.command.1.tlog
c:\users\riyad\source\repos\chemicals\chemicalssfml\x64\release\chemical.b52f67c5.tlog\link.read.1.tlog
c:\users\riyad\source\repos\chemicals\chemicalssfml\x64\release\chemical.b52f67c5.tlog\link.write.1.tlog
c:\users\riyad\source\repos\chemicals\chemicalssfml\x64\release\chemical.b52f67c5.tlog\rc.command.1.tlog
c:\users\riyad\source\repos\chemicals\chemicalssfml\x64\release\chemical.b52f67c5.tlog\rc.read.1.tlog
c:\users\riyad\source\repos\chemicals\chemicalssfml\x64\release\chemical.b52f67c5.tlog\rc.write.1.tlog
